<html>
<head>
<title>TestNG:  Default test</title>
<link href="../testng.css" rel="stylesheet" type="text/css" />
<link href="../my-testng.css" rel="stylesheet" type="text/css" />

<style type="text/css">
.log { display: none;} 
.stack-trace { display: none;} 
</style>
<script type="text/javascript">
<!--
function flip(e) {
  current = e.style.display;
  if (current == 'block') {
    e.style.display = 'none';
    return 0;
  }
  else {
    e.style.display = 'block';
    return 1;
  }
}

function toggleBox(szDivId, elem, msg1, msg2)
{
  var res = -1;  if (document.getElementById) {
    res = flip(document.getElementById(szDivId));
  }
  else if (document.all) {
    // this is the way old msie versions work
    res = flip(document.all[szDivId]);
  }
  if(elem) {
    if(res == 0) elem.innerHTML = msg1; else elem.innerHTML = msg2;
  }

}

function toggleAllBoxes() {
  if (document.getElementsByTagName) {
    d = document.getElementsByTagName('div');
    for (i = 0; i < d.length; i++) {
      if (d[i].className == 'log') {
        flip(d[i]);
      }
    }
  }
}

// -->
</script>

</head>
<body>
<h2 align='center'>Default test</h2><table border='1' align="center">
<tr>
<td>Tests passed/Failed/Skipped:</td><td>0/0/1</td>
</tr><tr>
<td>Started on:</td><td>Mon Jan 16 13:34:05 IST 2023</td>
</tr>
<tr><td>Total time:</td><td>34 seconds (34593 ms)</td>
</tr><tr>
<td>Included groups:</td><td></td>
</tr><tr>
<td>Excluded groups:</td><td></td>
</tr>
</table><p/>
<small><i>(Hover the method name to see the test class name)</i></small><p/>
<table width='100%' border='1' class='invocation-failed'>
<tr><td colspan='4' align='center'><b>FAILED CONFIGURATIONS</b></td></tr>
<tr><td><b>Test method</b></td>
<td width="30%"><b>Exception</b></td>
<td width="10%"><b>Time (seconds)</b></td>
<td><b>Instance</b></td>
</tr>
<tr>
<td title='com.practiceWeb_package.DemoRun.OpenBrowser()'><b>OpenBrowser</b><br>Test class: com.practiceWeb_package.DemoRun<br/>
<a href="#Output-1239759990" onClick='toggleBox("Output-1239759990", this, "Show output", "Hide output");'>Show output</a>

<a href="#Output-1239759990" onClick="toggleAllBoxes();">Show all outputs</a>
<div class='log' id="Output-1239759990">
open browser<br/>
</div>
</td>
<td><div><pre>org.openqa.selenium.WebDriverException: disconnected: received Inspector.detached event
  (failed to check if window was closed: disconnected: unable to connect to renderer)
  (Session info: chrome=109.0.5414.74)
Build info: version: &apos;3.141.59&apos;, revision: &apos;e82be7d358&apos;, time: &apos;2018-11-14T08:17:03&apos;
System info: host: &apos;DIGISOL&apos;, ip: &apos;192.168.200.1&apos;, os.name: &apos;Windows 8&apos;, os.arch: &apos;amd64&apos;, os.version: &apos;6.2&apos;, java.version: &apos;1.8.0_201&apos;
Driver info: driver.version: ChromeDriver
remote stacktrace: Backtrace:
	(No symbol) [0x01026643]
	(No symbol) [0x00FBBE21]
	(No symbol) [0x00EBDA9D]
	(No symbol) [0x00EB061E]
	(No symbol) [0x00EAFFB1]
	(No symbol) [0x00EAF3BC]
	(No symbol) [0x00EAF2D8]
	(No symbol) [0x00EADC68]
	(No symbol) [0x00EAE512]
	(No symbol) [0x00EAD205]
	(No symbol) [0x00EB91BC]
	(No symbol) [0x00EAD0D5]
	(No symbol) [0x00EAEE5A]
	(No symbol) [0x00EADC68]
	(No symbol) [0x00EAE512]
	(No symbol) [0x00EAD205]
	(No symbol) [0x00EB671C]
	(No symbol) [0x00EAD0D5]
	(No symbol) [0x00EAEE5A]
	(No symbol) [0x00EADC68]
	(No symbol) [0x00EAE512]
	(No symbol) [0x00EAD205]
	(No symbol) [0x00EB40E2]
	(No symbol) [0x00EAD0D5]
	(No symbol) [0x00EAEE5A]
	(No symbol) [0x00EADC68]
	(No symbol) [0x00EAE512]
	(No symbol) [0x00EAD205]
	(No symbol) [0x00EA5606]
	(No symbol) [0x00EAD0D5]
	(No symbol) [0x00EAC670]
	(No symbol) [0x00EAC2C7]
	(No symbol) [0x00EBF283]
	(No symbol) [0x00E9E007]
	(No symbol) [0x00E9CF35]
	(No symbol) [0x00F16B6C]
	(No symbol) [0x00F1655C]
	(No symbol) [0x00F0FB76]
	(No symbol) [0x00EE49C1]
	(No symbol) [0x00EE5E5D]
	GetHandleVerifier [0x0129A142+2497106]
	GetHandleVerifier [0x012C85D3+2686691]
	GetHandleVerifier [0x012CBB9C+2700460]
	GetHandleVerifier [0x010D3B10+635936]
	(No symbol) [0x00FC4A1F]
	(No symbol) [0x00FCA418]
	(No symbol) [0x00FCA505]
	(No symbol) [0x00FD508B]
	BaseThreadInitThunk [0x74888543+14]
	RtlInitializeExceptionChain [0x7702AC69+133]
	RtlInitializeExceptionChain [0x7702AC3C+88]

	at sun.reflect.NativeConstructorAccessorImpl.newInstance0(Native Method)
	at sun.reflect.NativeConstructorAccessorImpl.newInstance(NativeConstructorAccessorImpl.java:62)
	at sun.reflect.DelegatingConstructorAccessorImpl.newInstance(DelegatingConstructorAccessorImpl.java:45)
	at java.lang.reflect.Constructor.newInstance(Constructor.java:423)
	at org.openqa.selenium.remote.W3CHandshakeResponse.lambda$errorHandler$0(W3CHandshakeResponse.java:62)
	at org.openqa.selenium.remote.HandshakeResponse.lambda$getResponseFunction$0(HandshakeResponse.java:30)
	at org.openqa.selenium.remote.ProtocolHandshake.lambda$createSession$0(ProtocolHandshake.java:126)
	at java.util.stream.ReferencePipeline$3$1.accept(ReferencePipeline.java:193)
	at java.util.Spliterators$ArraySpliterator.tryAdvance(Spliterators.java:958)
	at java.util.stream.ReferencePipeline.forEachWithCancel(ReferencePipeline.java:126)
	at java.util.stream.AbstractPipeline.copyIntoWithCancel(AbstractPipeline.java:498)
	at java.util.stream.AbstractPipeline.copyInto(AbstractPipeline.java:485)
	at java.util.stream.AbstractPipeline.wrapAndCopyInto(AbstractPipeline.java:471)
	at java.util.stream.FindOps$FindOp.evaluateSequential(FindOps.java:152)
	at java.util.stream.AbstractPipeline.evaluate(AbstractPipeline.java:234)
	at java.util.stream.ReferencePipeline.findFirst(ReferencePipeline.java:464)
	at org.openqa.selenium.remote.ProtocolHandshake.createSession(ProtocolHandshake.java:128)
	at org.openqa.selenium.remote.ProtocolHandshake.createSession(ProtocolHandshake.java:74)
	at org.openqa.selenium.remote.HttpCommandExecutor.execute(HttpCommandExecutor.java:136)
	at org.openqa.selenium.remote.service.DriverCommandExecutor.execute(DriverCommandExecutor.java:83)
	at org.openqa.selenium.remote.RemoteWebDriver.execute(RemoteWebDriver.java:552)
	at org.openqa.selenium.remote.RemoteWebDriver.startSession(RemoteWebDriver.java:213)
	at org.openqa.selenium.remote.RemoteWebDriver.&lt;init&gt;(RemoteWebDriver.java:131)
	at org.openqa.selenium.chrome.ChromeDriver.&lt;init&gt;(ChromeDriver.java:181)
	at org.openqa.selenium.chrome.ChromeDriver.&lt;init&gt;(ChromeDriver.java:168)
	at org.openqa.selenium.chrome.ChromeDriver.&lt;init&gt;(ChromeDriver.java:123)
	at com.zooview.generics.BaseClass1.OpenBrowser(BaseClass1.java:25)
	at sun.reflect.NativeMethodAccessorImpl.invoke0(Native Method)
	at sun.reflect.NativeMethodAccessorImpl.invoke(NativeMethodAccessorImpl.java:62)
	at sun.reflect.DelegatingMethodAccessorImpl.invoke(DelegatingMethodAccessorImpl.java:43)
	at java.lang.reflect.Method.invoke(Method.java:498)
	at org.testng.internal.MethodInvocationHelper.invokeMethod(MethodInvocationHelper.java:133)
	at org.testng.internal.MethodInvocationHelper.invokeMethodConsideringTimeout(MethodInvocationHelper.java:62)
	at org.testng.internal.ConfigInvoker.invokeConfigurationMethod(ConfigInvoker.java:385)
	at org.testng.internal.ConfigInvoker.invokeConfigurations(ConfigInvoker.java:321)
	at org.testng.internal.TestMethodWorker.invokeBeforeClassMethods(TestMethodWorker.java:176)
	at org.testng.internal.TestMethodWorker.run(TestMethodWorker.java:122)
	at java.util.ArrayList.forEach(ArrayList.java:1257)
	at org.testng.TestRunner.privateRun(TestRunner.java:794)
	at org.testng.TestRunner.run(TestRunner.java:596)
	at org.testng.SuiteRunner.runTest(SuiteRunner.java:377)
	at org.testng.SuiteRunner.runSequentially(SuiteRunner.java:371)
	at org.testng.SuiteRunner.privateRun(SuiteRunner.java:332)
	at org.testng.SuiteRunner.run(SuiteRunner.java:276)
	at org.testng.SuiteRunnerWorker.runSuite(SuiteRunnerWorker.java:53)
	at org.testng.SuiteRunnerWorker.run(SuiteRunnerWorker.java:96)
	at org.testng.TestNG.runSuitesSequentially(TestNG.java:1212)
	at org.testng.TestNG.runSuitesLocally(TestNG.java:1134)
	at org.testng.TestNG.runSuites(TestNG.java:1063)
	at org.testng.TestNG.run(TestNG.java:1031)
	at org.testng.remote.AbstractRemoteTestNG.run(AbstractRemoteTestNG.java:115)
	at org.testng.remote.RemoteTestNG.initAndRun(RemoteTestNG.java:251)
	at org.testng.remote.RemoteTestNG.main(RemoteTestNG.java:77)
</pre></div><a href='#' onClick='toggleBox("stack-trace1239759990", this, "Click to show all stack frames", "Click to hide stack frames")'>Click to show all stack frames</a>
<div class='stack-trace' id='stack-trace1239759990'><pre>org.openqa.selenium.WebDriverException: disconnected: received Inspector.detached event
  (failed to check if window was closed: disconnected: unable to connect to renderer)
  (Session info: chrome=109.0.5414.74)
Build info: version: &apos;3.141.59&apos;, revision: &apos;e82be7d358&apos;, time: &apos;2018-11-14T08:17:03&apos;
System info: host: &apos;DIGISOL&apos;, ip: &apos;192.168.200.1&apos;, os.name: &apos;Windows 8&apos;, os.arch: &apos;amd64&apos;, os.version: &apos;6.2&apos;, java.version: &apos;1.8.0_201&apos;
Driver info: driver.version: ChromeDriver
remote stacktrace: Backtrace:
	(No symbol) [0x01026643]
	(No symbol) [0x00FBBE21]
	(No symbol) [0x00EBDA9D]
	(No symbol) [0x00EB061E]
	(No symbol) [0x00EAFFB1]
	(No symbol) [0x00EAF3BC]
	(No symbol) [0x00EAF2D8]
	(No symbol) [0x00EADC68]
	(No symbol) [0x00EAE512]
	(No symbol) [0x00EAD205]
	(No symbol) [0x00EB91BC]
	(No symbol) [0x00EAD0D5]
	(No symbol) [0x00EAEE5A]
	(No symbol) [0x00EADC68]
	(No symbol) [0x00EAE512]
	(No symbol) [0x00EAD205]
	(No symbol) [0x00EB671C]
	(No symbol) [0x00EAD0D5]
	(No symbol) [0x00EAEE5A]
	(No symbol) [0x00EADC68]
	(No symbol) [0x00EAE512]
	(No symbol) [0x00EAD205]
	(No symbol) [0x00EB40E2]
	(No symbol) [0x00EAD0D5]
	(No symbol) [0x00EAEE5A]
	(No symbol) [0x00EADC68]
	(No symbol) [0x00EAE512]
	(No symbol) [0x00EAD205]
	(No symbol) [0x00EA5606]
	(No symbol) [0x00EAD0D5]
	(No symbol) [0x00EAC670]
	(No symbol) [0x00EAC2C7]
	(No symbol) [0x00EBF283]
	(No symbol) [0x00E9E007]
	(No symbol) [0x00E9CF35]
	(No symbol) [0x00F16B6C]
	(No symbol) [0x00F1655C]
	(No symbol) [0x00F0FB76]
	(No symbol) [0x00EE49C1]
	(No symbol) [0x00EE5E5D]
	GetHandleVerifier [0x0129A142+2497106]
	GetHandleVerifier [0x012C85D3+2686691]
	GetHandleVerifier [0x012CBB9C+2700460]
	GetHandleVerifier [0x010D3B10+635936]
	(No symbol) [0x00FC4A1F]
	(No symbol) [0x00FCA418]
	(No symbol) [0x00FCA505]
	(No symbol) [0x00FD508B]
	BaseThreadInitThunk [0x74888543+14]
	RtlInitializeExceptionChain [0x7702AC69+133]
	RtlInitializeExceptionChain [0x7702AC3C+88]

	at sun.reflect.NativeConstructorAccessorImpl.newInstance0(Native Method)
	at sun.reflect.NativeConstructorAccessorImpl.newInstance(NativeConstructorAccessorImpl.java:62)
	at sun.reflect.DelegatingConstructorAccessorImpl.newInstance(DelegatingConstructorAccessorImpl.java:45)
	at java.lang.reflect.Constructor.newInstance(Constructor.java:423)
	at org.openqa.selenium.remote.W3CHandshakeResponse.lambda$errorHandler$0(W3CHandshakeResponse.java:62)
	at org.openqa.selenium.remote.HandshakeResponse.lambda$getResponseFunction$0(HandshakeResponse.java:30)
	at org.openqa.selenium.remote.ProtocolHandshake.lambda$createSession$0(ProtocolHandshake.java:126)
	at java.util.stream.ReferencePipeline$3$1.accept(ReferencePipeline.java:193)
	at java.util.Spliterators$ArraySpliterator.tryAdvance(Spliterators.java:958)
	at java.util.stream.ReferencePipeline.forEachWithCancel(ReferencePipeline.java:126)
	at java.util.stream.AbstractPipeline.copyIntoWithCancel(AbstractPipeline.java:498)
	at java.util.stream.AbstractPipeline.copyInto(AbstractPipeline.java:485)
	at java.util.stream.AbstractPipeline.wrapAndCopyInto(AbstractPipeline.java:471)
	at java.util.stream.FindOps$FindOp.evaluateSequential(FindOps.java:152)
	at java.util.stream.AbstractPipeline.evaluate(AbstractPipeline.java:234)
	at java.util.stream.ReferencePipeline.findFirst(ReferencePipeline.java:464)
	at org.openqa.selenium.remote.ProtocolHandshake.createSession(ProtocolHandshake.java:128)
	at org.openqa.selenium.remote.ProtocolHandshake.createSession(ProtocolHandshake.java:74)
	at org.openqa.selenium.remote.HttpCommandExecutor.execute(HttpCommandExecutor.java:136)
	at org.openqa.selenium.remote.service.DriverCommandExecutor.execute(DriverCommandExecutor.java:83)
	at org.openqa.selenium.remote.RemoteWebDriver.execute(RemoteWebDriver.java:552)
	at org.openqa.selenium.remote.RemoteWebDriver.startSession(RemoteWebDriver.java:213)
	at org.openqa.selenium.remote.RemoteWebDriver.&lt;init&gt;(RemoteWebDriver.java:131)
	at org.openqa.selenium.chrome.ChromeDriver.&lt;init&gt;(ChromeDriver.java:181)
	at org.openqa.selenium.chrome.ChromeDriver.&lt;init&gt;(ChromeDriver.java:168)
	at org.openqa.selenium.chrome.ChromeDriver.&lt;init&gt;(ChromeDriver.java:123)
	at com.zooview.generics.BaseClass1.OpenBrowser(BaseClass1.java:25)
	at sun.reflect.NativeMethodAccessorImpl.invoke0(Native Method)
	at sun.reflect.NativeMethodAccessorImpl.invoke(NativeMethodAccessorImpl.java:62)
	at sun.reflect.DelegatingMethodAccessorImpl.invoke(DelegatingMethodAccessorImpl.java:43)
	at java.lang.reflect.Method.invoke(Method.java:498)
	at org.testng.internal.MethodInvocationHelper.invokeMethod(MethodInvocationHelper.java:133)
	at org.testng.internal.MethodInvocationHelper.invokeMethodConsideringTimeout(MethodInvocationHelper.java:62)
	at org.testng.internal.ConfigInvoker.invokeConfigurationMethod(ConfigInvoker.java:385)
	at org.testng.internal.ConfigInvoker.invokeConfigurations(ConfigInvoker.java:321)
	at org.testng.internal.TestMethodWorker.invokeBeforeClassMethods(TestMethodWorker.java:176)
	at org.testng.internal.TestMethodWorker.run(TestMethodWorker.java:122)
	at java.util.ArrayList.forEach(ArrayList.java:1257)
	at org.testng.TestRunner.privateRun(TestRunner.java:794)
	at org.testng.TestRunner.run(TestRunner.java:596)
	at org.testng.SuiteRunner.runTest(SuiteRunner.java:377)
	at org.testng.SuiteRunner.runSequentially(SuiteRunner.java:371)
	at org.testng.SuiteRunner.privateRun(SuiteRunner.java:332)
	at org.testng.SuiteRunner.run(SuiteRunner.java:276)
	at org.testng.SuiteRunnerWorker.runSuite(SuiteRunnerWorker.java:53)
	at org.testng.SuiteRunnerWorker.run(SuiteRunnerWorker.java:96)
	at org.testng.TestNG.runSuitesSequentially(TestNG.java:1212)
	at org.testng.TestNG.runSuitesLocally(TestNG.java:1134)
	at org.testng.TestNG.runSuites(TestNG.java:1063)
	at org.testng.TestNG.run(TestNG.java:1031)
	at org.testng.remote.AbstractRemoteTestNG.run(AbstractRemoteTestNG.java:115)
	at org.testng.remote.RemoteTestNG.initAndRun(RemoteTestNG.java:251)
	at org.testng.remote.RemoteTestNG.main(RemoteTestNG.java:77)
</pre></div></td>
<td>33</td>
<td>com.practiceWeb_package.DemoRun@4eb7f003</td></tr>
</table><p>
<table width='100%' border='1' class='invocation-skipped'>
<tr><td colspan='4' align='center'><b>SKIPPED CONFIGURATIONS</b></td></tr>
<tr><td><b>Test method</b></td>
<td width="30%"><b>Exception</b></td>
<td width="10%"><b>Time (seconds)</b></td>
<td><b>Instance</b></td>
</tr>
<tr>
<td title='com.practiceWeb_package.DemoRun.login()'><b>login</b><br>Test class: com.practiceWeb_package.DemoRun</td>
<td></td>
<td>-1673856280</td>
<td>com.practiceWeb_package.DemoRun@4eb7f003</td></tr>
<tr>
<td title='com.practiceWeb_package.DemoRun.closeBrowser()'><b>closeBrowser</b><br>Test class: com.practiceWeb_package.DemoRun</td>
<td></td>
<td>-1673856280</td>
<td>com.practiceWeb_package.DemoRun@4eb7f003</td></tr>
<tr>
<td title='com.practiceWeb_package.DemoRun.logout()'><b>logout</b><br>Test class: com.practiceWeb_package.DemoRun</td>
<td></td>
<td>-1673856280</td>
<td>com.practiceWeb_package.DemoRun@4eb7f003</td></tr>
</table><p>
<table width='100%' border='1' class='invocation-skipped'>
<tr><td colspan='4' align='center'><b>SKIPPED TESTS</b></td></tr>
<tr><td><b>Test method</b></td>
<td width="30%"><b>Exception</b></td>
<td width="10%"><b>Time (seconds)</b></td>
<td><b>Instance</b></td>
</tr>
<tr>
<td title='com.practiceWeb_package.DemoRun.test()'><b>test</b><br>Test class: com.practiceWeb_package.DemoRun<br/>
<a href="#Output-898695324" onClick='toggleBox("Output-898695324", this, "Show output", "Hide output");'>Show output</a>

<a href="#Output-898695324" onClick="toggleAllBoxes();">Show all outputs</a>
<div class='log' id="Output-898695324">
--TestScript Execution skipped--<br/>
</div>
</td>
<td><div><pre>org.openqa.selenium.WebDriverException: disconnected: received Inspector.detached event
  (failed to check if window was closed: disconnected: unable to connect to renderer)
  (Session info: chrome=109.0.5414.74)
Build info: version: &apos;3.141.59&apos;, revision: &apos;e82be7d358&apos;, time: &apos;2018-11-14T08:17:03&apos;
System info: host: &apos;DIGISOL&apos;, ip: &apos;192.168.200.1&apos;, os.name: &apos;Windows 8&apos;, os.arch: &apos;amd64&apos;, os.version: &apos;6.2&apos;, java.version: &apos;1.8.0_201&apos;
Driver info: driver.version: ChromeDriver
remote stacktrace: Backtrace:
	(No symbol) [0x01026643]
	(No symbol) [0x00FBBE21]
	(No symbol) [0x00EBDA9D]
	(No symbol) [0x00EB061E]
	(No symbol) [0x00EAFFB1]
	(No symbol) [0x00EAF3BC]
	(No symbol) [0x00EAF2D8]
	(No symbol) [0x00EADC68]
	(No symbol) [0x00EAE512]
	(No symbol) [0x00EAD205]
	(No symbol) [0x00EB91BC]
	(No symbol) [0x00EAD0D5]
	(No symbol) [0x00EAEE5A]
	(No symbol) [0x00EADC68]
	(No symbol) [0x00EAE512]
	(No symbol) [0x00EAD205]
	(No symbol) [0x00EB671C]
	(No symbol) [0x00EAD0D5]
	(No symbol) [0x00EAEE5A]
	(No symbol) [0x00EADC68]
	(No symbol) [0x00EAE512]
	(No symbol) [0x00EAD205]
	(No symbol) [0x00EB40E2]
	(No symbol) [0x00EAD0D5]
	(No symbol) [0x00EAEE5A]
	(No symbol) [0x00EADC68]
	(No symbol) [0x00EAE512]
	(No symbol) [0x00EAD205]
	(No symbol) [0x00EA5606]
	(No symbol) [0x00EAD0D5]
	(No symbol) [0x00EAC670]
	(No symbol) [0x00EAC2C7]
	(No symbol) [0x00EBF283]
	(No symbol) [0x00E9E007]
	(No symbol) [0x00E9CF35]
	(No symbol) [0x00F16B6C]
	(No symbol) [0x00F1655C]
	(No symbol) [0x00F0FB76]
	(No symbol) [0x00EE49C1]
	(No symbol) [0x00EE5E5D]
	GetHandleVerifier [0x0129A142+2497106]
	GetHandleVerifier [0x012C85D3+2686691]
	GetHandleVerifier [0x012CBB9C+2700460]
	GetHandleVerifier [0x010D3B10+635936]
	(No symbol) [0x00FC4A1F]
	(No symbol) [0x00FCA418]
	(No symbol) [0x00FCA505]
	(No symbol) [0x00FD508B]
	BaseThreadInitThunk [0x74888543+14]
	RtlInitializeExceptionChain [0x7702AC69+133]
	RtlInitializeExceptionChain [0x7702AC3C+88]

	at sun.reflect.NativeConstructorAccessorImpl.newInstance0(Native Method)
	at sun.reflect.NativeConstructorAccessorImpl.newInstance(NativeConstructorAccessorImpl.java:62)
	at sun.reflect.DelegatingConstructorAccessorImpl.newInstance(DelegatingConstructorAccessorImpl.java:45)
	at java.lang.reflect.Constructor.newInstance(Constructor.java:423)
	at org.openqa.selenium.remote.W3CHandshakeResponse.lambda$errorHandler$0(W3CHandshakeResponse.java:62)
	at org.openqa.selenium.remote.HandshakeResponse.lambda$getResponseFunction$0(HandshakeResponse.java:30)
	at org.openqa.selenium.remote.ProtocolHandshake.lambda$createSession$0(ProtocolHandshake.java:126)
	at java.util.stream.ReferencePipeline$3$1.accept(ReferencePipeline.java:193)
	at java.util.Spliterators$ArraySpliterator.tryAdvance(Spliterators.java:958)
	at java.util.stream.ReferencePipeline.forEachWithCancel(ReferencePipeline.java:126)
	at java.util.stream.AbstractPipeline.copyIntoWithCancel(AbstractPipeline.java:498)
	at java.util.stream.AbstractPipeline.copyInto(AbstractPipeline.java:485)
	at java.util.stream.AbstractPipeline.wrapAndCopyInto(AbstractPipeline.java:471)
	at java.util.stream.FindOps$FindOp.evaluateSequential(FindOps.java:152)
	at java.util.stream.AbstractPipeline.evaluate(AbstractPipeline.java:234)
	at java.util.stream.ReferencePipeline.findFirst(ReferencePipeline.java:464)
	at org.openqa.selenium.remote.ProtocolHandshake.createSession(ProtocolHandshake.java:128)
	at org.openqa.selenium.remote.ProtocolHandshake.createSession(ProtocolHandshake.java:74)
	at org.openqa.selenium.remote.HttpCommandExecutor.execute(HttpCommandExecutor.java:136)
	at org.openqa.selenium.remote.service.DriverCommandExecutor.execute(DriverCommandExecutor.java:83)
	at org.openqa.selenium.remote.RemoteWebDriver.execute(RemoteWebDriver.java:552)
	at org.openqa.selenium.remote.RemoteWebDriver.startSession(RemoteWebDriver.java:213)
	at org.openqa.selenium.remote.RemoteWebDriver.&lt;init&gt;(RemoteWebDriver.java:131)
	at org.openqa.selenium.chrome.ChromeDriver.&lt;init&gt;(ChromeDriver.java:181)
	at org.openqa.selenium.chrome.ChromeDriver.&lt;init&gt;(ChromeDriver.java:168)
	at org.openqa.selenium.chrome.ChromeDriver.&lt;init&gt;(ChromeDriver.java:123)
	at com.zooview.generics.BaseClass1.OpenBrowser(BaseClass1.java:25)
	at sun.reflect.NativeMethodAccessorImpl.invoke0(Native Method)
	at sun.reflect.NativeMethodAccessorImpl.invoke(NativeMethodAccessorImpl.java:62)
	at sun.reflect.DelegatingMethodAccessorImpl.invoke(DelegatingMethodAccessorImpl.java:43)
	at java.lang.reflect.Method.invoke(Method.java:498)
	at org.testng.internal.MethodInvocationHelper.invokeMethod(MethodInvocationHelper.java:133)
	at org.testng.internal.MethodInvocationHelper.invokeMethodConsideringTimeout(MethodInvocationHelper.java:62)
	at org.testng.internal.ConfigInvoker.invokeConfigurationMethod(ConfigInvoker.java:385)
	at org.testng.internal.ConfigInvoker.invokeConfigurations(ConfigInvoker.java:321)
	at org.testng.internal.TestMethodWorker.invokeBeforeClassMethods(TestMethodWorker.java:176)
	at org.testng.internal.TestMethodWorker.run(TestMethodWorker.java:122)
	at java.util.ArrayList.forEach(ArrayList.java:1257)
	at org.testng.TestRunner.privateRun(TestRunner.java:794)
	at org.testng.TestRunner.run(TestRunner.java:596)
	at org.testng.SuiteRunner.runTest(SuiteRunner.java:377)
	at org.testng.SuiteRunner.runSequentially(SuiteRunner.java:371)
	at org.testng.SuiteRunner.privateRun(SuiteRunner.java:332)
	at org.testng.SuiteRunner.run(SuiteRunner.java:276)
	at org.testng.SuiteRunnerWorker.runSuite(SuiteRunnerWorker.java:53)
	at org.testng.SuiteRunnerWorker.run(SuiteRunnerWorker.java:96)
	at org.testng.TestNG.runSuitesSequentially(TestNG.java:1212)
	at org.testng.TestNG.runSuitesLocally(TestNG.java:1134)
	at org.testng.TestNG.runSuites(TestNG.java:1063)
	at org.testng.TestNG.run(TestNG.java:1031)
	at org.testng.remote.AbstractRemoteTestNG.run(AbstractRemoteTestNG.java:115)
	at org.testng.remote.RemoteTestNG.initAndRun(RemoteTestNG.java:251)
	at org.testng.remote.RemoteTestNG.main(RemoteTestNG.java:77)
</pre></div><a href='#' onClick='toggleBox("stack-trace898695324", this, "Click to show all stack frames", "Click to hide stack frames")'>Click to show all stack frames</a>
<div class='stack-trace' id='stack-trace898695324'><pre>org.openqa.selenium.WebDriverException: disconnected: received Inspector.detached event
  (failed to check if window was closed: disconnected: unable to connect to renderer)
  (Session info: chrome=109.0.5414.74)
Build info: version: &apos;3.141.59&apos;, revision: &apos;e82be7d358&apos;, time: &apos;2018-11-14T08:17:03&apos;
System info: host: &apos;DIGISOL&apos;, ip: &apos;192.168.200.1&apos;, os.name: &apos;Windows 8&apos;, os.arch: &apos;amd64&apos;, os.version: &apos;6.2&apos;, java.version: &apos;1.8.0_201&apos;
Driver info: driver.version: ChromeDriver
remote stacktrace: Backtrace:
	(No symbol) [0x01026643]
	(No symbol) [0x00FBBE21]
	(No symbol) [0x00EBDA9D]
	(No symbol) [0x00EB061E]
	(No symbol) [0x00EAFFB1]
	(No symbol) [0x00EAF3BC]
	(No symbol) [0x00EAF2D8]
	(No symbol) [0x00EADC68]
	(No symbol) [0x00EAE512]
	(No symbol) [0x00EAD205]
	(No symbol) [0x00EB91BC]
	(No symbol) [0x00EAD0D5]
	(No symbol) [0x00EAEE5A]
	(No symbol) [0x00EADC68]
	(No symbol) [0x00EAE512]
	(No symbol) [0x00EAD205]
	(No symbol) [0x00EB671C]
	(No symbol) [0x00EAD0D5]
	(No symbol) [0x00EAEE5A]
	(No symbol) [0x00EADC68]
	(No symbol) [0x00EAE512]
	(No symbol) [0x00EAD205]
	(No symbol) [0x00EB40E2]
	(No symbol) [0x00EAD0D5]
	(No symbol) [0x00EAEE5A]
	(No symbol) [0x00EADC68]
	(No symbol) [0x00EAE512]
	(No symbol) [0x00EAD205]
	(No symbol) [0x00EA5606]
	(No symbol) [0x00EAD0D5]
	(No symbol) [0x00EAC670]
	(No symbol) [0x00EAC2C7]
	(No symbol) [0x00EBF283]
	(No symbol) [0x00E9E007]
	(No symbol) [0x00E9CF35]
	(No symbol) [0x00F16B6C]
	(No symbol) [0x00F1655C]
	(No symbol) [0x00F0FB76]
	(No symbol) [0x00EE49C1]
	(No symbol) [0x00EE5E5D]
	GetHandleVerifier [0x0129A142+2497106]
	GetHandleVerifier [0x012C85D3+2686691]
	GetHandleVerifier [0x012CBB9C+2700460]
	GetHandleVerifier [0x010D3B10+635936]
	(No symbol) [0x00FC4A1F]
	(No symbol) [0x00FCA418]
	(No symbol) [0x00FCA505]
	(No symbol) [0x00FD508B]
	BaseThreadInitThunk [0x74888543+14]
	RtlInitializeExceptionChain [0x7702AC69+133]
	RtlInitializeExceptionChain [0x7702AC3C+88]

	at sun.reflect.NativeConstructorAccessorImpl.newInstance0(Native Method)
	at sun.reflect.NativeConstructorAccessorImpl.newInstance(NativeConstructorAccessorImpl.java:62)
	at sun.reflect.DelegatingConstructorAccessorImpl.newInstance(DelegatingConstructorAccessorImpl.java:45)
	at java.lang.reflect.Constructor.newInstance(Constructor.java:423)
	at org.openqa.selenium.remote.W3CHandshakeResponse.lambda$errorHandler$0(W3CHandshakeResponse.java:62)
	at org.openqa.selenium.remote.HandshakeResponse.lambda$getResponseFunction$0(HandshakeResponse.java:30)
	at org.openqa.selenium.remote.ProtocolHandshake.lambda$createSession$0(ProtocolHandshake.java:126)
	at java.util.stream.ReferencePipeline$3$1.accept(ReferencePipeline.java:193)
	at java.util.Spliterators$ArraySpliterator.tryAdvance(Spliterators.java:958)
	at java.util.stream.ReferencePipeline.forEachWithCancel(ReferencePipeline.java:126)
	at java.util.stream.AbstractPipeline.copyIntoWithCancel(AbstractPipeline.java:498)
	at java.util.stream.AbstractPipeline.copyInto(AbstractPipeline.java:485)
	at java.util.stream.AbstractPipeline.wrapAndCopyInto(AbstractPipeline.java:471)
	at java.util.stream.FindOps$FindOp.evaluateSequential(FindOps.java:152)
	at java.util.stream.AbstractPipeline.evaluate(AbstractPipeline.java:234)
	at java.util.stream.ReferencePipeline.findFirst(ReferencePipeline.java:464)
	at org.openqa.selenium.remote.ProtocolHandshake.createSession(ProtocolHandshake.java:128)
	at org.openqa.selenium.remote.ProtocolHandshake.createSession(ProtocolHandshake.java:74)
	at org.openqa.selenium.remote.HttpCommandExecutor.execute(HttpCommandExecutor.java:136)
	at org.openqa.selenium.remote.service.DriverCommandExecutor.execute(DriverCommandExecutor.java:83)
	at org.openqa.selenium.remote.RemoteWebDriver.execute(RemoteWebDriver.java:552)
	at org.openqa.selenium.remote.RemoteWebDriver.startSession(RemoteWebDriver.java:213)
	at org.openqa.selenium.remote.RemoteWebDriver.&lt;init&gt;(RemoteWebDriver.java:131)
	at org.openqa.selenium.chrome.ChromeDriver.&lt;init&gt;(ChromeDriver.java:181)
	at org.openqa.selenium.chrome.ChromeDriver.&lt;init&gt;(ChromeDriver.java:168)
	at org.openqa.selenium.chrome.ChromeDriver.&lt;init&gt;(ChromeDriver.java:123)
	at com.zooview.generics.BaseClass1.OpenBrowser(BaseClass1.java:25)
	at sun.reflect.NativeMethodAccessorImpl.invoke0(Native Method)
	at sun.reflect.NativeMethodAccessorImpl.invoke(NativeMethodAccessorImpl.java:62)
	at sun.reflect.DelegatingMethodAccessorImpl.invoke(DelegatingMethodAccessorImpl.java:43)
	at java.lang.reflect.Method.invoke(Method.java:498)
	at org.testng.internal.MethodInvocationHelper.invokeMethod(MethodInvocationHelper.java:133)
	at org.testng.internal.MethodInvocationHelper.invokeMethodConsideringTimeout(MethodInvocationHelper.java:62)
	at org.testng.internal.ConfigInvoker.invokeConfigurationMethod(ConfigInvoker.java:385)
	at org.testng.internal.ConfigInvoker.invokeConfigurations(ConfigInvoker.java:321)
	at org.testng.internal.TestMethodWorker.invokeBeforeClassMethods(TestMethodWorker.java:176)
	at org.testng.internal.TestMethodWorker.run(TestMethodWorker.java:122)
	at java.util.ArrayList.forEach(ArrayList.java:1257)
	at org.testng.TestRunner.privateRun(TestRunner.java:794)
	at org.testng.TestRunner.run(TestRunner.java:596)
	at org.testng.SuiteRunner.runTest(SuiteRunner.java:377)
	at org.testng.SuiteRunner.runSequentially(SuiteRunner.java:371)
	at org.testng.SuiteRunner.privateRun(SuiteRunner.java:332)
	at org.testng.SuiteRunner.run(SuiteRunner.java:276)
	at org.testng.SuiteRunnerWorker.runSuite(SuiteRunnerWorker.java:53)
	at org.testng.SuiteRunnerWorker.run(SuiteRunnerWorker.java:96)
	at org.testng.TestNG.runSuitesSequentially(TestNG.java:1212)
	at org.testng.TestNG.runSuitesLocally(TestNG.java:1134)
	at org.testng.TestNG.runSuites(TestNG.java:1063)
	at org.testng.TestNG.run(TestNG.java:1031)
	at org.testng.remote.AbstractRemoteTestNG.run(AbstractRemoteTestNG.java:115)
	at org.testng.remote.RemoteTestNG.initAndRun(RemoteTestNG.java:251)
	at org.testng.remote.RemoteTestNG.main(RemoteTestNG.java:77)
</pre></div></td>
<td>0</td>
<td>com.practiceWeb_package.DemoRun@4eb7f003</td></tr>
</table><p>
</body>
</html>