<?xml version="1.0" encoding="UTF-8"?>
<!-- Generated by org.testng.reporters.JUnitXMLReporter -->
<testsuite hostname="Digisol" ignored="2" name="chrome1" tests="2" failures="0" timestamp="2023-01-11T11:35:27 IST" time="0.297" errors="0">
  <testcase name="@BeforeClass configBC" time="-1.673417127667E9" classname="com.zooview.generics.BaseClass1">
    <failure type="org.testng.TestNGException" message="
Can inject only one of &amp;lt;ITestContext, XmlTest&amp;gt; into a @BeforeClass annotated configBC.
For more information on native dependency injection please refer to https://testng.org/doc/documentation-main.html#native-dependency-injection">
      <![CDATA[org.testng.TestNGException: 
Can inject only one of <ITestContext, XmlTest> into a @BeforeClass annotated configBC.
For more information on native dependency injection please refer to https://testng.org/doc/documentation-main.html#native-dependency-injection
at java.util.ArrayList.forEach(ArrayList.java:1257)
at java.util.concurrent.FutureTask.run(FutureTask.java:266)
at java.util.concurrent.ThreadPoolExecutor.runWorker(ThreadPoolExecutor.java:1149)
at java.util.concurrent.ThreadPoolExecutor$Worker.run(ThreadPoolExecutor.java:624)
at java.lang.Thread.run(Thread.java:748)
... Removed 13 stack frames]]>
    </failure>
  </testcase> <!-- @BeforeClass configBC -->
  <testcase name="@BeforeClass configBC" time="-1.673417127667E9" classname="com.zooview.generics.BaseClass1">
    <failure type="org.testng.TestNGException" message="
Can inject only one of &amp;lt;ITestContext, XmlTest&amp;gt; into a @BeforeClass annotated configBC.
For more information on native dependency injection please refer to https://testng.org/doc/documentation-main.html#native-dependency-injection">
      <![CDATA[org.testng.TestNGException: 
Can inject only one of <ITestContext, XmlTest> into a @BeforeClass annotated configBC.
For more information on native dependency injection please refer to https://testng.org/doc/documentation-main.html#native-dependency-injection
at java.util.ArrayList.forEach(ArrayList.java:1257)
at java.util.concurrent.FutureTask.run(FutureTask.java:266)
at java.util.concurrent.ThreadPoolExecutor.runWorker(ThreadPoolExecutor.java:1149)
at java.util.concurrent.ThreadPoolExecutor$Worker.run(ThreadPoolExecutor.java:624)
at java.lang.Thread.run(Thread.java:748)
... Removed 13 stack frames]]>
    </failure>
  </testcase> <!-- @BeforeClass configBC -->
  <testcase name="@BeforeMethod configBM" time="-1.673417127745E9" classname="com.zooview.generics.BaseClass1">
    <skipped/>
  </testcase> <!-- @BeforeMethod configBM -->
  <testcase name="@BeforeMethod configBM" time="-1.67341712776E9" classname="com.zooview.generics.BaseClass1">
    <skipped/>
  </testcase> <!-- @BeforeMethod configBM -->
  <testcase name="@AfterMethod configAM" time="-1.673417127776E9" classname="com.zooview.generics.BaseClass1">
    <skipped/>
  </testcase> <!-- @AfterMethod configAM -->
  <testcase name="@AfterMethod configAM" time="-1.673417127807E9" classname="com.zooview.generics.BaseClass1">
    <skipped/>
  </testcase> <!-- @AfterMethod configAM -->
  <testcase name="@AfterClass configAC" time="-1.673417127823E9" classname="com.zooview.generics.BaseClass1">
    <skipped/>
  </testcase> <!-- @AfterClass configAC -->
  <testcase name="@BeforeClass configBC" time="-1.673417127823E9" classname="com.zooview.generics.BaseClass1">
    <failure type="org.testng.TestNGException" message="
Can inject only one of &amp;lt;ITestContext, XmlTest&amp;gt; into a @BeforeClass annotated configBC.
For more information on native dependency injection please refer to https://testng.org/doc/documentation-main.html#native-dependency-injection">
      <![CDATA[org.testng.TestNGException: 
Can inject only one of <ITestContext, XmlTest> into a @BeforeClass annotated configBC.
For more information on native dependency injection please refer to https://testng.org/doc/documentation-main.html#native-dependency-injection
at java.util.ArrayList.forEach(ArrayList.java:1257)
at java.util.concurrent.FutureTask.run(FutureTask.java:266)
at java.util.concurrent.ThreadPoolExecutor.runWorker(ThreadPoolExecutor.java:1149)
at java.util.concurrent.ThreadPoolExecutor$Worker.run(ThreadPoolExecutor.java:624)
at java.lang.Thread.run(Thread.java:748)
... Removed 13 stack frames]]>
    </failure>
  </testcase> <!-- @BeforeClass configBC -->
  <testcase name="@BeforeMethod configBM" time="-1.673417127839E9" classname="com.zooview.generics.BaseClass1">
    <skipped/>
  </testcase> <!-- @BeforeMethod configBM -->
  <testcase name="@AfterMethod configAM" time="-1.673417127854E9" classname="com.zooview.generics.BaseClass1">
    <skipped/>
  </testcase> <!-- @AfterMethod configAM -->
  <testcase name="@AfterClass configAC" time="-1.673417127854E9" classname="com.zooview.generics.BaseClass1">
    <skipped/>
  </testcase> <!-- @AfterClass configAC -->
  <testcase name="@AfterClass configAC" time="-1.67341712787E9" classname="com.zooview.generics.BaseClass1">
    <skipped/>
  </testcase> <!-- @AfterClass configAC -->
  <testcase name="m1" time="0.0" classname="practice_package.DemoTestNGTest1">
    <skipped/>
  </testcase> <!-- m1 -->
  <testcase name="m5" time="0.0" classname="practice_package.DemoTestNGTest3">
    <skipped/>
  </testcase> <!-- m5 -->
  <testcase name="@AfterSuite disconnectDB" time="0.0" classname="com.zooview.generics.BaseClass1">
    <ignored/>
  </testcase> <!-- @AfterSuite disconnectDB -->
  <testcase name="@BeforeSuite configDb" time="0.0" classname="com.zooview.generics.BaseClass1">
    <ignored/>
  </testcase> <!-- @BeforeSuite configDb -->
</testsuite> <!-- chrome1 -->
