<?xml version="1.0" encoding="UTF-8"?>
<testng-results skipped="1" failed="0" ignored="0" total="1" passed="0">
  <reporter-output>
    <line>
      <![CDATA[open browser]]>
    </line>
    <line>
      <![CDATA[test-----> Testscript execution started]]>
    </line>
    <line>
      <![CDATA[--TestScript Execution skipped--]]>
    </line>
  </reporter-output>
  <suite name="Default suite" duration-ms="34593" started-at="2023-01-16T13:34:05 IST" finished-at="2023-01-16T13:34:40 IST">
    <groups>
    </groups>
    <test name="Default test" duration-ms="34593" started-at="2023-01-16T13:34:05 IST" finished-at="2023-01-16T13:34:40 IST">
      <class name="com.practiceWeb_package.DemoRun">
        <test-method status="FAIL" signature="OpenBrowser()[pri:0, instance:com.practiceWeb_package.DemoRun@4eb7f003]" name="OpenBrowser" is-config="true" duration-ms="33589" started-at="2023-01-16T13:34:06 IST" finished-at="2023-01-16T13:34:39 IST">
          <exception class="org.openqa.selenium.WebDriverException">
            <message>
              <![CDATA[disconnected: received Inspector.detached event
  (failed to check if window was closed: disconnected: unable to connect to renderer)
  (Session info: chrome=109.0.5414.74)
Build info: version: '3.141.59', revision: 'e82be7d358', time: '2018-11-14T08:17:03'
System info: host: 'DIGISOL', ip: '192.168.200.1', os.name: 'Windows 8', os.arch: 'amd64', os.version: '6.2', java.version: '1.8.0_201'
Driver info: driver.version: ChromeDriver
remote stacktrace: Backtrace:
(No symbol) [0x01026643]
(No symbol) [0x00FBBE21]
(No symbol) [0x00EBDA9D]
(No symbol) [0x00EB061E]
(No symbol) [0x00EAFFB1]
(No symbol) [0x00EAF3BC]
(No symbol) [0x00EAF2D8]
(No symbol) [0x00EADC68]
(No symbol) [0x00EAE512]
(No symbol) [0x00EAD205]
(No symbol) [0x00EB91BC]
(No symbol) [0x00EAD0D5]
(No symbol) [0x00EAEE5A]
(No symbol) [0x00EADC68]
(No symbol) [0x00EAE512]
(No symbol) [0x00EAD205]
(No symbol) [0x00EB671C]
(No symbol) [0x00EAD0D5]
(No symbol) [0x00EAEE5A]
(No symbol) [0x00EADC68]
(No symbol) [0x00EAE512]
(No symbol) [0x00EAD205]
(No symbol) [0x00EB40E2]
(No symbol) [0x00EAD0D5]
(No symbol) [0x00EAEE5A]
(No symbol) [0x00EADC68]
(No symbol) [0x00EAE512]
(No symbol) [0x00EAD205]
(No symbol) [0x00EA5606]
(No symbol) [0x00EAD0D5]
(No symbol) [0x00EAC670]
(No symbol) [0x00EAC2C7]
(No symbol) [0x00EBF283]
(No symbol) [0x00E9E007]
(No symbol) [0x00E9CF35]
(No symbol) [0x00F16B6C]
(No symbol) [0x00F1655C]
(No symbol) [0x00F0FB76]
(No symbol) [0x00EE49C1]
(No symbol) [0x00EE5E5D]
GetHandleVerifier [0x0129A142+2497106]
GetHandleVerifier [0x012C85D3+2686691]
GetHandleVerifier [0x012CBB9C+2700460]
GetHandleVerifier [0x010D3B10+635936]
(No symbol) [0x00FC4A1F]
(No symbol) [0x00FCA418]
(No symbol) [0x00FCA505]
(No symbol) [0x00FD508B]
BaseThreadInitThunk [0x74888543+14]
RtlInitializeExceptionChain [0x7702AC69+133]
RtlInitializeExceptionChain [0x7702AC3C+88]
]]>
            </message>
            <full-stacktrace>
              <![CDATA[org.openqa.selenium.WebDriverException: disconnected: received Inspector.detached event
  (failed to check if window was closed: disconnected: unable to connect to renderer)
  (Session info: chrome=109.0.5414.74)
Build info: version: '3.141.59', revision: 'e82be7d358', time: '2018-11-14T08:17:03'
System info: host: 'DIGISOL', ip: '192.168.200.1', os.name: 'Windows 8', os.arch: 'amd64', os.version: '6.2', java.version: '1.8.0_201'
Driver info: driver.version: ChromeDriver
remote stacktrace: Backtrace:
(No symbol) [0x01026643]
(No symbol) [0x00FBBE21]
(No symbol) [0x00EBDA9D]
(No symbol) [0x00EB061E]
(No symbol) [0x00EAFFB1]
(No symbol) [0x00EAF3BC]
(No symbol) [0x00EAF2D8]
(No symbol) [0x00EADC68]
(No symbol) [0x00EAE512]
(No symbol) [0x00EAD205]
(No symbol) [0x00EB91BC]
(No symbol) [0x00EAD0D5]
(No symbol) [0x00EAEE5A]
(No symbol) [0x00EADC68]
(No symbol) [0x00EAE512]
(No symbol) [0x00EAD205]
(No symbol) [0x00EB671C]
(No symbol) [0x00EAD0D5]
(No symbol) [0x00EAEE5A]
(No symbol) [0x00EADC68]
(No symbol) [0x00EAE512]
(No symbol) [0x00EAD205]
(No symbol) [0x00EB40E2]
(No symbol) [0x00EAD0D5]
(No symbol) [0x00EAEE5A]
(No symbol) [0x00EADC68]
(No symbol) [0x00EAE512]
(No symbol) [0x00EAD205]
(No symbol) [0x00EA5606]
(No symbol) [0x00EAD0D5]
(No symbol) [0x00EAC670]
(No symbol) [0x00EAC2C7]
(No symbol) [0x00EBF283]
(No symbol) [0x00E9E007]
(No symbol) [0x00E9CF35]
(No symbol) [0x00F16B6C]
(No symbol) [0x00F1655C]
(No symbol) [0x00F0FB76]
(No symbol) [0x00EE49C1]
(No symbol) [0x00EE5E5D]
GetHandleVerifier [0x0129A142+2497106]
GetHandleVerifier [0x012C85D3+2686691]
GetHandleVerifier [0x012CBB9C+2700460]
GetHandleVerifier [0x010D3B10+635936]
(No symbol) [0x00FC4A1F]
(No symbol) [0x00FCA418]
(No symbol) [0x00FCA505]
(No symbol) [0x00FD508B]
BaseThreadInitThunk [0x74888543+14]
RtlInitializeExceptionChain [0x7702AC69+133]
RtlInitializeExceptionChain [0x7702AC3C+88]

at sun.reflect.NativeConstructorAccessorImpl.newInstance0(Native Method)
at sun.reflect.NativeConstructorAccessorImpl.newInstance(NativeConstructorAccessorImpl.java:62)
at sun.reflect.DelegatingConstructorAccessorImpl.newInstance(DelegatingConstructorAccessorImpl.java:45)
at java.lang.reflect.Constructor.newInstance(Constructor.java:423)
at org.openqa.selenium.remote.W3CHandshakeResponse.lambda$errorHandler$0(W3CHandshakeResponse.java:62)
at org.openqa.selenium.remote.HandshakeResponse.lambda$getResponseFunction$0(HandshakeResponse.java:30)
at org.openqa.selenium.remote.ProtocolHandshake.lambda$createSession$0(ProtocolHandshake.java:126)
at java.util.stream.ReferencePipeline$3$1.accept(ReferencePipeline.java:193)
at java.util.Spliterators$ArraySpliterator.tryAdvance(Spliterators.java:958)
at java.util.stream.ReferencePipeline.forEachWithCancel(ReferencePipeline.java:126)
at java.util.stream.AbstractPipeline.copyIntoWithCancel(AbstractPipeline.java:498)
at java.util.stream.AbstractPipeline.copyInto(AbstractPipeline.java:485)
at java.util.stream.AbstractPipeline.wrapAndCopyInto(AbstractPipeline.java:471)
at java.util.stream.FindOps$FindOp.evaluateSequential(FindOps.java:152)
at java.util.stream.AbstractPipeline.evaluate(AbstractPipeline.java:234)
at java.util.stream.ReferencePipeline.findFirst(ReferencePipeline.java:464)
at org.openqa.selenium.remote.ProtocolHandshake.createSession(ProtocolHandshake.java:128)
at org.openqa.selenium.remote.ProtocolHandshake.createSession(ProtocolHandshake.java:74)
at org.openqa.selenium.remote.HttpCommandExecutor.execute(HttpCommandExecutor.java:136)
at org.openqa.selenium.remote.service.DriverCommandExecutor.execute(DriverCommandExecutor.java:83)
at org.openqa.selenium.remote.RemoteWebDriver.execute(RemoteWebDriver.java:552)
at org.openqa.selenium.remote.RemoteWebDriver.startSession(RemoteWebDriver.java:213)
at org.openqa.selenium.remote.RemoteWebDriver.<init>(RemoteWebDriver.java:131)
at org.openqa.selenium.chrome.ChromeDriver.<init>(ChromeDriver.java:181)
at org.openqa.selenium.chrome.ChromeDriver.<init>(ChromeDriver.java:168)
at org.openqa.selenium.chrome.ChromeDriver.<init>(ChromeDriver.java:123)
at com.zooview.generics.BaseClass1.OpenBrowser(BaseClass1.java:25)
at sun.reflect.NativeMethodAccessorImpl.invoke0(Native Method)
at sun.reflect.NativeMethodAccessorImpl.invoke(NativeMethodAccessorImpl.java:62)
at sun.reflect.DelegatingMethodAccessorImpl.invoke(DelegatingMethodAccessorImpl.java:43)
at java.lang.reflect.Method.invoke(Method.java:498)
at org.testng.internal.MethodInvocationHelper.invokeMethod(MethodInvocationHelper.java:133)
at org.testng.internal.MethodInvocationHelper.invokeMethodConsideringTimeout(MethodInvocationHelper.java:62)
at org.testng.internal.ConfigInvoker.invokeConfigurationMethod(ConfigInvoker.java:385)
at org.testng.internal.ConfigInvoker.invokeConfigurations(ConfigInvoker.java:321)
at org.testng.internal.TestMethodWorker.invokeBeforeClassMethods(TestMethodWorker.java:176)
at org.testng.internal.TestMethodWorker.run(TestMethodWorker.java:122)
at java.util.ArrayList.forEach(ArrayList.java:1257)
at org.testng.TestRunner.privateRun(TestRunner.java:794)
at org.testng.TestRunner.run(TestRunner.java:596)
at org.testng.SuiteRunner.runTest(SuiteRunner.java:377)
at org.testng.SuiteRunner.runSequentially(SuiteRunner.java:371)
at org.testng.SuiteRunner.privateRun(SuiteRunner.java:332)
at org.testng.SuiteRunner.run(SuiteRunner.java:276)
at org.testng.SuiteRunnerWorker.runSuite(SuiteRunnerWorker.java:53)
at org.testng.SuiteRunnerWorker.run(SuiteRunnerWorker.java:96)
at org.testng.TestNG.runSuitesSequentially(TestNG.java:1212)
at org.testng.TestNG.runSuitesLocally(TestNG.java:1134)
at org.testng.TestNG.runSuites(TestNG.java:1063)
at org.testng.TestNG.run(TestNG.java:1031)
at org.testng.remote.AbstractRemoteTestNG.run(AbstractRemoteTestNG.java:115)
at org.testng.remote.RemoteTestNG.initAndRun(RemoteTestNG.java:251)
at org.testng.remote.RemoteTestNG.main(RemoteTestNG.java:77)
]]>
            </full-stacktrace>
          </exception> <!-- org.openqa.selenium.WebDriverException -->
          <reporter-output>
            <line>
              <![CDATA[open browser]]>
            </line>
          </reporter-output>
        </test-method> <!-- OpenBrowser -->
        <test-method status="SKIP" signature="login()[pri:0, instance:com.practiceWeb_package.DemoRun@4eb7f003]" name="login" is-config="true" duration-ms="-1673856280269" started-at="2023-01-16T13:34:40 IST" finished-at="1970-01-01T05:30:00 IST">
          <reporter-output>
          </reporter-output>
        </test-method> <!-- login -->
        <test-method status="SKIP" signature="test()[pri:0, instance:com.practiceWeb_package.DemoRun@4eb7f003]" name="test" duration-ms="0" started-at="2023-01-16T13:34:40 IST" finished-at="2023-01-16T13:34:40 IST">
          <exception class="org.openqa.selenium.WebDriverException">
            <message>
              <![CDATA[disconnected: received Inspector.detached event
  (failed to check if window was closed: disconnected: unable to connect to renderer)
  (Session info: chrome=109.0.5414.74)
Build info: version: '3.141.59', revision: 'e82be7d358', time: '2018-11-14T08:17:03'
System info: host: 'DIGISOL', ip: '192.168.200.1', os.name: 'Windows 8', os.arch: 'amd64', os.version: '6.2', java.version: '1.8.0_201'
Driver info: driver.version: ChromeDriver
remote stacktrace: Backtrace:
(No symbol) [0x01026643]
(No symbol) [0x00FBBE21]
(No symbol) [0x00EBDA9D]
(No symbol) [0x00EB061E]
(No symbol) [0x00EAFFB1]
(No symbol) [0x00EAF3BC]
(No symbol) [0x00EAF2D8]
(No symbol) [0x00EADC68]
(No symbol) [0x00EAE512]
(No symbol) [0x00EAD205]
(No symbol) [0x00EB91BC]
(No symbol) [0x00EAD0D5]
(No symbol) [0x00EAEE5A]
(No symbol) [0x00EADC68]
(No symbol) [0x00EAE512]
(No symbol) [0x00EAD205]
(No symbol) [0x00EB671C]
(No symbol) [0x00EAD0D5]
(No symbol) [0x00EAEE5A]
(No symbol) [0x00EADC68]
(No symbol) [0x00EAE512]
(No symbol) [0x00EAD205]
(No symbol) [0x00EB40E2]
(No symbol) [0x00EAD0D5]
(No symbol) [0x00EAEE5A]
(No symbol) [0x00EADC68]
(No symbol) [0x00EAE512]
(No symbol) [0x00EAD205]
(No symbol) [0x00EA5606]
(No symbol) [0x00EAD0D5]
(No symbol) [0x00EAC670]
(No symbol) [0x00EAC2C7]
(No symbol) [0x00EBF283]
(No symbol) [0x00E9E007]
(No symbol) [0x00E9CF35]
(No symbol) [0x00F16B6C]
(No symbol) [0x00F1655C]
(No symbol) [0x00F0FB76]
(No symbol) [0x00EE49C1]
(No symbol) [0x00EE5E5D]
GetHandleVerifier [0x0129A142+2497106]
GetHandleVerifier [0x012C85D3+2686691]
GetHandleVerifier [0x012CBB9C+2700460]
GetHandleVerifier [0x010D3B10+635936]
(No symbol) [0x00FC4A1F]
(No symbol) [0x00FCA418]
(No symbol) [0x00FCA505]
(No symbol) [0x00FD508B]
BaseThreadInitThunk [0x74888543+14]
RtlInitializeExceptionChain [0x7702AC69+133]
RtlInitializeExceptionChain [0x7702AC3C+88]
]]>
            </message>
            <full-stacktrace>
              <![CDATA[org.openqa.selenium.WebDriverException: disconnected: received Inspector.detached event
  (failed to check if window was closed: disconnected: unable to connect to renderer)
  (Session info: chrome=109.0.5414.74)
Build info: version: '3.141.59', revision: 'e82be7d358', time: '2018-11-14T08:17:03'
System info: host: 'DIGISOL', ip: '192.168.200.1', os.name: 'Windows 8', os.arch: 'amd64', os.version: '6.2', java.version: '1.8.0_201'
Driver info: driver.version: ChromeDriver
remote stacktrace: Backtrace:
(No symbol) [0x01026643]
(No symbol) [0x00FBBE21]
(No symbol) [0x00EBDA9D]
(No symbol) [0x00EB061E]
(No symbol) [0x00EAFFB1]
(No symbol) [0x00EAF3BC]
(No symbol) [0x00EAF2D8]
(No symbol) [0x00EADC68]
(No symbol) [0x00EAE512]
(No symbol) [0x00EAD205]
(No symbol) [0x00EB91BC]
(No symbol) [0x00EAD0D5]
(No symbol) [0x00EAEE5A]
(No symbol) [0x00EADC68]
(No symbol) [0x00EAE512]
(No symbol) [0x00EAD205]
(No symbol) [0x00EB671C]
(No symbol) [0x00EAD0D5]
(No symbol) [0x00EAEE5A]
(No symbol) [0x00EADC68]
(No symbol) [0x00EAE512]
(No symbol) [0x00EAD205]
(No symbol) [0x00EB40E2]
(No symbol) [0x00EAD0D5]
(No symbol) [0x00EAEE5A]
(No symbol) [0x00EADC68]
(No symbol) [0x00EAE512]
(No symbol) [0x00EAD205]
(No symbol) [0x00EA5606]
(No symbol) [0x00EAD0D5]
(No symbol) [0x00EAC670]
(No symbol) [0x00EAC2C7]
(No symbol) [0x00EBF283]
(No symbol) [0x00E9E007]
(No symbol) [0x00E9CF35]
(No symbol) [0x00F16B6C]
(No symbol) [0x00F1655C]
(No symbol) [0x00F0FB76]
(No symbol) [0x00EE49C1]
(No symbol) [0x00EE5E5D]
GetHandleVerifier [0x0129A142+2497106]
GetHandleVerifier [0x012C85D3+2686691]
GetHandleVerifier [0x012CBB9C+2700460]
GetHandleVerifier [0x010D3B10+635936]
(No symbol) [0x00FC4A1F]
(No symbol) [0x00FCA418]
(No symbol) [0x00FCA505]
(No symbol) [0x00FD508B]
BaseThreadInitThunk [0x74888543+14]
RtlInitializeExceptionChain [0x7702AC69+133]
RtlInitializeExceptionChain [0x7702AC3C+88]

at sun.reflect.NativeConstructorAccessorImpl.newInstance0(Native Method)
at sun.reflect.NativeConstructorAccessorImpl.newInstance(NativeConstructorAccessorImpl.java:62)
at sun.reflect.DelegatingConstructorAccessorImpl.newInstance(DelegatingConstructorAccessorImpl.java:45)
at java.lang.reflect.Constructor.newInstance(Constructor.java:423)
at org.openqa.selenium.remote.W3CHandshakeResponse.lambda$errorHandler$0(W3CHandshakeResponse.java:62)
at org.openqa.selenium.remote.HandshakeResponse.lambda$getResponseFunction$0(HandshakeResponse.java:30)
at org.openqa.selenium.remote.ProtocolHandshake.lambda$createSession$0(ProtocolHandshake.java:126)
at java.util.stream.ReferencePipeline$3$1.accept(ReferencePipeline.java:193)
at java.util.Spliterators$ArraySpliterator.tryAdvance(Spliterators.java:958)
at java.util.stream.ReferencePipeline.forEachWithCancel(ReferencePipeline.java:126)
at java.util.stream.AbstractPipeline.copyIntoWithCancel(AbstractPipeline.java:498)
at java.util.stream.AbstractPipeline.copyInto(AbstractPipeline.java:485)
at java.util.stream.AbstractPipeline.wrapAndCopyInto(AbstractPipeline.java:471)
at java.util.stream.FindOps$FindOp.evaluateSequential(FindOps.java:152)
at java.util.stream.AbstractPipeline.evaluate(AbstractPipeline.java:234)
at java.util.stream.ReferencePipeline.findFirst(ReferencePipeline.java:464)
at org.openqa.selenium.remote.ProtocolHandshake.createSession(ProtocolHandshake.java:128)
at org.openqa.selenium.remote.ProtocolHandshake.createSession(ProtocolHandshake.java:74)
at org.openqa.selenium.remote.HttpCommandExecutor.execute(HttpCommandExecutor.java:136)
at org.openqa.selenium.remote.service.DriverCommandExecutor.execute(DriverCommandExecutor.java:83)
at org.openqa.selenium.remote.RemoteWebDriver.execute(RemoteWebDriver.java:552)
at org.openqa.selenium.remote.RemoteWebDriver.startSession(RemoteWebDriver.java:213)
at org.openqa.selenium.remote.RemoteWebDriver.<init>(RemoteWebDriver.java:131)
at org.openqa.selenium.chrome.ChromeDriver.<init>(ChromeDriver.java:181)
at org.openqa.selenium.chrome.ChromeDriver.<init>(ChromeDriver.java:168)
at org.openqa.selenium.chrome.ChromeDriver.<init>(ChromeDriver.java:123)
at com.zooview.generics.BaseClass1.OpenBrowser(BaseClass1.java:25)
at sun.reflect.NativeMethodAccessorImpl.invoke0(Native Method)
at sun.reflect.NativeMethodAccessorImpl.invoke(NativeMethodAccessorImpl.java:62)
at sun.reflect.DelegatingMethodAccessorImpl.invoke(DelegatingMethodAccessorImpl.java:43)
at java.lang.reflect.Method.invoke(Method.java:498)
at org.testng.internal.MethodInvocationHelper.invokeMethod(MethodInvocationHelper.java:133)
at org.testng.internal.MethodInvocationHelper.invokeMethodConsideringTimeout(MethodInvocationHelper.java:62)
at org.testng.internal.ConfigInvoker.invokeConfigurationMethod(ConfigInvoker.java:385)
at org.testng.internal.ConfigInvoker.invokeConfigurations(ConfigInvoker.java:321)
at org.testng.internal.TestMethodWorker.invokeBeforeClassMethods(TestMethodWorker.java:176)
at org.testng.internal.TestMethodWorker.run(TestMethodWorker.java:122)
at java.util.ArrayList.forEach(ArrayList.java:1257)
at org.testng.TestRunner.privateRun(TestRunner.java:794)
at org.testng.TestRunner.run(TestRunner.java:596)
at org.testng.SuiteRunner.runTest(SuiteRunner.java:377)
at org.testng.SuiteRunner.runSequentially(SuiteRunner.java:371)
at org.testng.SuiteRunner.privateRun(SuiteRunner.java:332)
at org.testng.SuiteRunner.run(SuiteRunner.java:276)
at org.testng.SuiteRunnerWorker.runSuite(SuiteRunnerWorker.java:53)
at org.testng.SuiteRunnerWorker.run(SuiteRunnerWorker.java:96)
at org.testng.TestNG.runSuitesSequentially(TestNG.java:1212)
at org.testng.TestNG.runSuitesLocally(TestNG.java:1134)
at org.testng.TestNG.runSuites(TestNG.java:1063)
at org.testng.TestNG.run(TestNG.java:1031)
at org.testng.remote.AbstractRemoteTestNG.run(AbstractRemoteTestNG.java:115)
at org.testng.remote.RemoteTestNG.initAndRun(RemoteTestNG.java:251)
at org.testng.remote.RemoteTestNG.main(RemoteTestNG.java:77)
]]>
            </full-stacktrace>
          </exception> <!-- org.openqa.selenium.WebDriverException -->
          <reporter-output>
            <line>
              <![CDATA[--TestScript Execution skipped--]]>
            </line>
          </reporter-output>
        </test-method> <!-- test -->
        <test-method status="SKIP" signature="logout()[pri:0, instance:com.practiceWeb_package.DemoRun@4eb7f003]" name="logout" is-config="true" duration-ms="-1673856280355" started-at="2023-01-16T13:34:40 IST" finished-at="1970-01-01T05:30:00 IST">
          <reporter-output>
          </reporter-output>
        </test-method> <!-- logout -->
        <test-method status="SKIP" signature="closeBrowser()[pri:0, instance:com.practiceWeb_package.DemoRun@4eb7f003]" name="closeBrowser" is-config="true" duration-ms="-1673856280368" started-at="2023-01-16T13:34:40 IST" finished-at="1970-01-01T05:30:00 IST">
          <reporter-output>
          </reporter-output>
        </test-method> <!-- closeBrowser -->
      </class> <!-- com.practiceWeb_package.DemoRun -->
    </test> <!-- Default test -->
  </suite> <!-- Default suite -->
</testng-results>
