<?xml version="1.0" encoding="UTF-8"?>
<!-- Generated by org.testng.reporters.JUnitReportReporter -->
<testsuite skipped="1" hostname="Digisol" name="com.practiceWeb_package.DemoRun" tests="2" failures="0" timestamp="2023-01-16T13:34:41 IST" time="33.589" errors="1">
  <testcase name="OpenBrowser" time="33.589" classname="com.practiceWeb_package.DemoRun">
    <error type="org.openqa.selenium.WebDriverException" message="disconnected: received Inspector.detached event
  (failed to check if window was closed: disconnected: unable to connect to renderer)
  (Session info: chrome=109.0.5414.74)
Build info: version: &#039;3.141.59&#039;, revision: &#039;e82be7d358&#039;, time: &#039;2018-11-14T08:17:03&#039;
System info: host: &#039;DIGISOL&#039;, ip: &#039;192.168.200.1&#039;, os.name: &#039;Windows 8&#039;, os.arch: &#039;amd64&#039;, os.version: &#039;6.2&#039;, java.version: &#039;1.8.0_201&#039;
Driver info: driver.version: ChromeDriver
remote stacktrace: Backtrace:
	(No symbol) [0x01026643]
	(No symbol) [0x00FBBE21]
	(No symbol) [0x00EBDA9D]
	(No symbol) [0x00EB061E]
	(No symbol) [0x00EAFFB1]
	(No symbol) [0x00EAF3BC]
	(No symbol) [0x00EAF2D8]
	(No symbol) [0x00EADC68]
	(No symbol) [0x00EAE512]
	(No symbol) [0x00EAD205]
	(No symbol) [0x00EB91BC]
	(No symbol) [0x00EAD0D5]
	(No symbol) [0x00EAEE5A]
	(No symbol) [0x00EADC68]
	(No symbol) [0x00EAE512]
	(No symbol) [0x00EAD205]
	(No symbol) [0x00EB671C]
	(No symbol) [0x00EAD0D5]
	(No symbol) [0x00EAEE5A]
	(No symbol) [0x00EADC68]
	(No symbol) [0x00EAE512]
	(No symbol) [0x00EAD205]
	(No symbol) [0x00EB40E2]
	(No symbol) [0x00EAD0D5]
	(No symbol) [0x00EAEE5A]
	(No symbol) [0x00EADC68]
	(No symbol) [0x00EAE512]
	(No symbol) [0x00EAD205]
	(No symbol) [0x00EA5606]
	(No symbol) [0x00EAD0D5]
	(No symbol) [0x00EAC670]
	(No symbol) [0x00EAC2C7]
	(No symbol) [0x00EBF283]
	(No symbol) [0x00E9E007]
	(No symbol) [0x00E9CF35]
	(No symbol) [0x00F16B6C]
	(No symbol) [0x00F1655C]
	(No symbol) [0x00F0FB76]
	(No symbol) [0x00EE49C1]
	(No symbol) [0x00EE5E5D]
	GetHandleVerifier [0x0129A142+2497106]
	GetHandleVerifier [0x012C85D3+2686691]
	GetHandleVerifier [0x012CBB9C+2700460]
	GetHandleVerifier [0x010D3B10+635936]
	(No symbol) [0x00FC4A1F]
	(No symbol) [0x00FCA418]
	(No symbol) [0x00FCA505]
	(No symbol) [0x00FD508B]
	BaseThreadInitThunk [0x74888543+14]
	RtlInitializeExceptionChain [0x7702AC69+133]
	RtlInitializeExceptionChain [0x7702AC3C+88]
">
      <![CDATA[org.openqa.selenium.WebDriverException: disconnected: received Inspector.detached event
  (failed to check if window was closed: disconnected: unable to connect to renderer)
  (Session info: chrome=109.0.5414.74)
Build info: version: '3.141.59', revision: 'e82be7d358', time: '2018-11-14T08:17:03'
System info: host: 'DIGISOL', ip: '192.168.200.1', os.name: 'Windows 8', os.arch: 'amd64', os.version: '6.2', java.version: '1.8.0_201'
Driver info: driver.version: ChromeDriver
remote stacktrace: Backtrace:
(No symbol) [0x01026643]
(No symbol) [0x00FBBE21]
(No symbol) [0x00EBDA9D]
(No symbol) [0x00EB061E]
(No symbol) [0x00EAFFB1]
(No symbol) [0x00EAF3BC]
(No symbol) [0x00EAF2D8]
(No symbol) [0x00EADC68]
(No symbol) [0x00EAE512]
(No symbol) [0x00EAD205]
(No symbol) [0x00EB91BC]
(No symbol) [0x00EAD0D5]
(No symbol) [0x00EAEE5A]
(No symbol) [0x00EADC68]
(No symbol) [0x00EAE512]
(No symbol) [0x00EAD205]
(No symbol) [0x00EB671C]
(No symbol) [0x00EAD0D5]
(No symbol) [0x00EAEE5A]
(No symbol) [0x00EADC68]
(No symbol) [0x00EAE512]
(No symbol) [0x00EAD205]
(No symbol) [0x00EB40E2]
(No symbol) [0x00EAD0D5]
(No symbol) [0x00EAEE5A]
(No symbol) [0x00EADC68]
(No symbol) [0x00EAE512]
(No symbol) [0x00EAD205]
(No symbol) [0x00EA5606]
(No symbol) [0x00EAD0D5]
(No symbol) [0x00EAC670]
(No symbol) [0x00EAC2C7]
(No symbol) [0x00EBF283]
(No symbol) [0x00E9E007]
(No symbol) [0x00E9CF35]
(No symbol) [0x00F16B6C]
(No symbol) [0x00F1655C]
(No symbol) [0x00F0FB76]
(No symbol) [0x00EE49C1]
(No symbol) [0x00EE5E5D]
GetHandleVerifier [0x0129A142+2497106]
GetHandleVerifier [0x012C85D3+2686691]
GetHandleVerifier [0x012CBB9C+2700460]
GetHandleVerifier [0x010D3B10+635936]
(No symbol) [0x00FC4A1F]
(No symbol) [0x00FCA418]
(No symbol) [0x00FCA505]
(No symbol) [0x00FD508B]
BaseThreadInitThunk [0x74888543+14]
RtlInitializeExceptionChain [0x7702AC69+133]
RtlInitializeExceptionChain [0x7702AC3C+88]

at sun.reflect.NativeConstructorAccessorImpl.newInstance0(Native Method)
at sun.reflect.NativeConstructorAccessorImpl.newInstance(NativeConstructorAccessorImpl.java:62)
at sun.reflect.DelegatingConstructorAccessorImpl.newInstance(DelegatingConstructorAccessorImpl.java:45)
at java.lang.reflect.Constructor.newInstance(Constructor.java:423)
at org.openqa.selenium.remote.W3CHandshakeResponse.lambda$errorHandler$0(W3CHandshakeResponse.java:62)
at org.openqa.selenium.remote.HandshakeResponse.lambda$getResponseFunction$0(HandshakeResponse.java:30)
at org.openqa.selenium.remote.ProtocolHandshake.lambda$createSession$0(ProtocolHandshake.java:126)
at java.util.stream.ReferencePipeline$3$1.accept(ReferencePipeline.java:193)
at java.util.Spliterators$ArraySpliterator.tryAdvance(Spliterators.java:958)
at java.util.stream.ReferencePipeline.forEachWithCancel(ReferencePipeline.java:126)
at java.util.stream.AbstractPipeline.copyIntoWithCancel(AbstractPipeline.java:498)
at java.util.stream.AbstractPipeline.copyInto(AbstractPipeline.java:485)
at java.util.stream.AbstractPipeline.wrapAndCopyInto(AbstractPipeline.java:471)
at java.util.stream.FindOps$FindOp.evaluateSequential(FindOps.java:152)
at java.util.stream.AbstractPipeline.evaluate(AbstractPipeline.java:234)
at java.util.stream.ReferencePipeline.findFirst(ReferencePipeline.java:464)
at org.openqa.selenium.remote.ProtocolHandshake.createSession(ProtocolHandshake.java:128)
at org.openqa.selenium.remote.ProtocolHandshake.createSession(ProtocolHandshake.java:74)
at org.openqa.selenium.remote.HttpCommandExecutor.execute(HttpCommandExecutor.java:136)
at org.openqa.selenium.remote.service.DriverCommandExecutor.execute(DriverCommandExecutor.java:83)
at org.openqa.selenium.remote.RemoteWebDriver.execute(RemoteWebDriver.java:552)
at org.openqa.selenium.remote.RemoteWebDriver.startSession(RemoteWebDriver.java:213)
at org.openqa.selenium.remote.RemoteWebDriver.<init>(RemoteWebDriver.java:131)
at org.openqa.selenium.chrome.ChromeDriver.<init>(ChromeDriver.java:181)
at org.openqa.selenium.chrome.ChromeDriver.<init>(ChromeDriver.java:168)
at org.openqa.selenium.chrome.ChromeDriver.<init>(ChromeDriver.java:123)
at com.zooview.generics.BaseClass1.OpenBrowser(BaseClass1.java:25)
at sun.reflect.NativeMethodAccessorImpl.invoke0(Native Method)
at sun.reflect.NativeMethodAccessorImpl.invoke(NativeMethodAccessorImpl.java:62)
at sun.reflect.DelegatingMethodAccessorImpl.invoke(DelegatingMethodAccessorImpl.java:43)
at java.lang.reflect.Method.invoke(Method.java:498)
at org.testng.internal.MethodInvocationHelper.invokeMethod(MethodInvocationHelper.java:133)
at org.testng.internal.MethodInvocationHelper.invokeMethodConsideringTimeout(MethodInvocationHelper.java:62)
at org.testng.internal.ConfigInvoker.invokeConfigurationMethod(ConfigInvoker.java:385)
at org.testng.internal.ConfigInvoker.invokeConfigurations(ConfigInvoker.java:321)
at org.testng.internal.TestMethodWorker.invokeBeforeClassMethods(TestMethodWorker.java:176)
at org.testng.internal.TestMethodWorker.run(TestMethodWorker.java:122)
at java.util.ArrayList.forEach(ArrayList.java:1257)
at org.testng.TestRunner.privateRun(TestRunner.java:794)
at org.testng.TestRunner.run(TestRunner.java:596)
at org.testng.SuiteRunner.runTest(SuiteRunner.java:377)
at org.testng.SuiteRunner.runSequentially(SuiteRunner.java:371)
at org.testng.SuiteRunner.privateRun(SuiteRunner.java:332)
at org.testng.SuiteRunner.run(SuiteRunner.java:276)
at org.testng.SuiteRunnerWorker.runSuite(SuiteRunnerWorker.java:53)
at org.testng.SuiteRunnerWorker.run(SuiteRunnerWorker.java:96)
at org.testng.TestNG.runSuitesSequentially(TestNG.java:1212)
at org.testng.TestNG.runSuitesLocally(TestNG.java:1134)
at org.testng.TestNG.runSuites(TestNG.java:1063)
at org.testng.TestNG.run(TestNG.java:1031)
at org.testng.remote.AbstractRemoteTestNG.run(AbstractRemoteTestNG.java:115)
at org.testng.remote.RemoteTestNG.initAndRun(RemoteTestNG.java:251)
at org.testng.remote.RemoteTestNG.main(RemoteTestNG.java:77)
]]>
    </error>
  </testcase> <!-- OpenBrowser -->
  <system-out>
    <![CDATA[open browser]]>
  </system-out>
  <testcase name="test" time="0.000" classname="com.practiceWeb_package.DemoRun">
    <skipped/>
  </testcase> <!-- test -->
  <system-out>
    <![CDATA[--TestScript Execution skipped--]]>
  </system-out>
</testsuite> <!-- com.practiceWeb_package.DemoRun -->
